Proceed with the deployment as correct MIS version is being used...
Granting user rights to tables for central_system group...
GRANT SELECT,DELETE,INSERT,UPDATE ON dbo.aw402_game_draw TO central_system
GRANT SELECT,DELETE,INSERT,UPDATE ON dbo.awbo_activities_log TO central_system
GRANT SELECT,DELETE,INSERT,UPDATE ON dbo.awbo_sessions TO central_system
GRANT SELECT,DELETE,INSERT,UPDATE ON dbo.awbo_user_groups TO central_system
GRANT SELECT,DELETE,INSERT,UPDATE ON dbo.awbo_users TO central_system
GRANT SELECT,DELETE,INSERT,UPDATE ON dbo.custom_date TO central_system
GRANT SELECT,DELETE,INSERT,UPDATE ON dbo.module TO central_system
GRANT SELECT,DELETE,INSERT,UPDATE ON dbo.powerlist TO central_system
GRANT SELECT,DELETE,INSERT,UPDATE ON dbo.report_types TO central_system
GRANT SELECT,DELETE,INSERT,UPDATE ON dbo.reports TO central_system
GRANT SELECT,DELETE,INSERT,UPDATE ON dbo.user_statuses TO central_system
GRANT SELECT,UPDATE ON dbo.system_dbversion TO central_system
TABLE: Rights grant to central_system group completed...
Granting user rights to views for central_system group...
VIEW: Rights grant to central_system group completed...
Granting user rights to affected Functions for central_system group...
GRANT EXEC ON dbo.f_get_dbname TO central_system
GRANT EXEC ON dbo.f_getcustom_date TO central_system
Functions: Rights grant to central_system group completed...
Granting user rights to affected SPs for central_system group...
GRANT EXEC ON dbo.p_add_agent_and_certificate TO central_system
GRANT EXEC ON dbo.p_add_awbo_user TO central_system
GRANT EXEC ON dbo.p_add_custom_date TO central_system
GRANT EXEC ON dbo.p_add_district TO central_system
GRANT EXEC ON dbo.p_add_hwid TO central_system
GRANT EXEC ON dbo.p_add_module TO central_system
GRANT EXEC ON dbo.p_add_panic_log TO central_system
GRANT EXEC ON dbo.p_add_pos TO central_system
GRANT EXEC ON dbo.p_add_powerlist TO central_system
GRANT EXEC ON dbo.p_add_province TO central_system
GRANT EXEC ON dbo.p_add_reports TO central_system
GRANT EXEC ON dbo.p_add_sys_certificate TO central_system
GRANT EXEC ON dbo.p_add_system_config TO central_system
GRANT EXEC ON dbo.p_add_user_group TO central_system
GRANT EXEC ON dbo.p_agent_details TO central_system
GRANT EXEC ON dbo.p_agent_list_srch TO central_system
GRANT EXEC ON dbo.p_aw203_sales_by_draw TO central_system
GRANT EXEC ON dbo.p_aw307_daily_new_customers TO central_system
GRANT EXEC ON dbo.p_aw402_daily_winnings TO central_system
GRANT EXEC ON dbo.p_aw403_daily_winnings TO central_system
GRANT EXEC ON dbo.p_aw502_daily_system_throughput_summary TO central_system
GRANT EXEC ON dbo.p_awbo_user_log TO central_system
GRANT EXEC ON dbo.p_awbo_user_login TO central_system
GRANT EXEC ON dbo.p_clear_agent_stats TO central_system
GRANT EXEC ON dbo.p_create_sod_eod TO central_system
GRANT EXEC ON dbo.p_customer_data_log TO central_system
GRANT EXEC ON dbo.p_customer_details_srch TO central_system
GRANT EXEC ON dbo.p_delete_aw402_game_draw TO central_system
GRANT EXEC ON dbo.p_disable_district TO central_system
GRANT EXEC ON dbo.p_disable_province TO central_system
GRANT EXEC ON dbo.p_edit_agent TO central_system
GRANT EXEC ON dbo.p_edit_pos TO central_system
GRANT EXEC ON dbo.p_get_agent_stats TO central_system
GRANT EXEC ON dbo.p_get_awbo_users TO central_system
GRANT EXEC ON dbo.p_get_bingo_draw_transfer_details TO central_system
GRANT EXEC ON dbo.p_get_bingo_draw_transfers TO central_system
GRANT EXEC ON dbo.p_get_customer_img_uploads TO central_system
GRANT EXEC ON dbo.p_get_customers_info TO central_system
GRANT EXEC ON dbo.p_get_district TO central_system
GRANT EXEC ON dbo.p_get_draw_and_game_id TO central_system
GRANT EXEC ON dbo.p_get_games TO central_system
GRANT EXEC ON dbo.p_get_in_proc_panel_3d_data TO central_system
GRANT EXEC ON dbo.p_get_in_proc_panel_bingo_data TO central_system
GRANT EXEC ON dbo.p_get_in_proc_panel_data TO central_system
GRANT EXEC ON dbo.p_get_module TO central_system
GRANT EXEC ON dbo.p_get_panel_3d_data TO central_system
GRANT EXEC ON dbo.p_get_panel_bingo_data TO central_system
GRANT EXEC ON dbo.p_get_panel_data TO central_system
GRANT EXEC ON dbo.p_get_panic_log TO central_system
GRANT EXEC ON dbo.p_get_powerlist TO central_system
GRANT EXEC ON dbo.p_get_province TO central_system
GRANT EXEC ON dbo.p_get_report_types TO central_system
GRANT EXEC ON dbo.p_get_reports_path TO central_system
GRANT EXEC ON dbo.p_get_sod_eod_data TO central_system
GRANT EXEC ON dbo.p_get_system_config TO central_system
GRANT EXEC ON dbo.p_get_user_groups TO central_system
GRANT EXEC ON dbo.p_in_proc_trans_history_srch TO central_system
GRANT EXEC ON dbo.p_pos_list_srch TO central_system
GRANT EXEC ON dbo.p_remove_district TO central_system
GRANT EXEC ON dbo.p_remove_hwid TO central_system
GRANT EXEC ON dbo.p_remove_powerlist TO central_system
GRANT EXEC ON dbo.p_remove_province TO central_system
GRANT EXEC ON dbo.p_sales_summary_dashboard TO central_system
GRANT EXEC ON dbo.p_set_agent_stats TO central_system
GRANT EXEC ON dbo.p_system_setting_log TO central_system
GRANT EXEC ON dbo.p_trans_history_srch TO central_system
GRANT EXEC ON dbo.p_trans_history_srch_count TO central_system
GRANT EXEC ON dbo.p_update_awbo_user TO central_system
GRANT EXEC ON dbo.p_update_district TO central_system
GRANT EXEC ON dbo.p_update_game TO central_system
GRANT EXEC ON dbo.p_update_province TO central_system
GRANT EXEC ON dbo.p_update_system_config TO central_system
GRANT EXEC ON dbo.p_update_user_group TO central_system
GRANT EXEC ON dbo.p_winners_list_srch TO central_system
GRANT EXEC ON dbo.p_winners_processing_details TO central_system
GRANT EXEC ON dbo.p_winners_processing_list TO central_system
GRANT EXEC ON dbo.spDBAGrantLoginRights TO central_system
GRANT EXEC ON dbo.spDBAGrantRights TO central_system
SPs: Rights grant to central_system group completed...
