Proceed with the deployment as correct datatrak_bgt_agt version is being used...
Granting user rights to tables for central_system group...
GRANT SELECT,DELETE,INSERT,UPDATE ON dbo.activities_log TO central_system
GRANT SELECT,DELETE,INSERT,UPDATE ON dbo.agent_activities_log TO central_system
GRANT SELECT,DELETE,INSERT,UPDATE ON dbo.agent_sessions TO central_system
GRANT SELECT,DELETE,INSERT,UPDATE ON dbo.agent_stats TO central_system
GRANT SELECT,DELETE,INSERT,UPDATE ON dbo.agents TO central_system
GRANT SELECT,DELETE,INSERT,UPDATE ON dbo.all_misc_activities_log TO central_system
GRANT SELECT,DELETE,INSERT,UPDATE ON dbo.all_transactions_log TO central_system
GRANT SELECT,DELETE,INSERT,UPDATE ON dbo.bet_result_types TO central_system
GRANT SELECT,DELETE,INSERT,UPDATE ON dbo.coresys_panel_details_mem TO central_system
GRANT SELECT,DELETE,INSERT,UPDATE ON dbo.coresys_update_panels TO central_system
GRANT SELECT,DELETE,INSERT,UPDATE ON dbo.coresys_update_panels_3d TO central_system
GRANT SELECT,DELETE,INSERT,UPDATE ON dbo.coresys_update_panels_bingo TO central_system
GRANT SELECT,DELETE,INSERT,UPDATE ON dbo.coresys_update_panels_lotto535 TO central_system
GRANT SELECT,DELETE,INSERT,UPDATE ON dbo.coresys_winning_payments TO central_system
GRANT SELECT,DELETE,INSERT,UPDATE ON dbo.custom_date TO central_system
GRANT SELECT,DELETE,INSERT,UPDATE ON dbo.customer_data_log TO central_system
GRANT SELECT,DELETE,INSERT,UPDATE ON dbo.customer_ids TO central_system
GRANT SELECT,DELETE,INSERT,UPDATE ON dbo.customers TO central_system
GRANT SELECT,DELETE,INSERT,UPDATE ON dbo.customers_imgs TO central_system
GRANT SELECT,DELETE,INSERT,UPDATE ON dbo.districts TO central_system
GRANT SELECT,DELETE,INSERT,UPDATE ON dbo.draw_data TO central_system
GRANT SELECT,DELETE,INSERT,UPDATE ON dbo.error_status TO central_system
GRANT SELECT,DELETE,INSERT,UPDATE ON dbo.error_status_type TO central_system
GRANT SELECT,DELETE,INSERT,UPDATE ON dbo.games TO central_system
GRANT SELECT,DELETE,INSERT,UPDATE ON dbo.hwids TO central_system
GRANT SELECT,DELETE,INSERT,UPDATE ON dbo.identity_proof_types TO central_system
GRANT SELECT,DELETE,INSERT,UPDATE ON dbo.images TO central_system
GRANT SELECT,DELETE,INSERT,UPDATE ON dbo.in_proc_coresys_update_panels TO central_system
GRANT SELECT,DELETE,INSERT,UPDATE ON dbo.in_proc_coresys_update_panels_3d TO central_system
GRANT SELECT,DELETE,INSERT,UPDATE ON dbo.in_proc_coresys_update_panels_bingo TO central_system
GRANT SELECT,DELETE,INSERT,UPDATE ON dbo.in_proc_coresys_update_panels_lotto535 TO central_system
GRANT SELECT,DELETE,INSERT,UPDATE ON dbo.in_proc_coresys_winning_payments TO central_system
GRANT SELECT,DELETE,INSERT,UPDATE ON dbo.in_proc_panels TO central_system
GRANT SELECT,DELETE,INSERT,UPDATE ON dbo.in_proc_panels_3d TO central_system
GRANT SELECT,DELETE,INSERT,UPDATE ON dbo.in_proc_panels_bingo TO central_system
GRANT SELECT,DELETE,INSERT,UPDATE ON dbo.in_proc_panels_lotto535 TO central_system
GRANT SELECT,DELETE,INSERT,UPDATE ON dbo.in_proc_tickets TO central_system
GRANT SELECT,DELETE,INSERT,UPDATE ON dbo.in_proc_transaction_activities TO central_system
GRANT SELECT,DELETE,INSERT,UPDATE ON dbo.languages TO central_system
GRANT SELECT,DELETE,INSERT,UPDATE ON dbo.languageSerialized TO central_system
GRANT SELECT,DELETE,INSERT,UPDATE ON dbo.misc_winning_statuses TO central_system
GRANT SELECT,DELETE,INSERT,UPDATE ON dbo.panel_details_mem TO central_system
GRANT SELECT,DELETE,INSERT,UPDATE ON dbo.panels TO central_system
GRANT SELECT,DELETE,INSERT,UPDATE ON dbo.panels_3d TO central_system
GRANT SELECT,DELETE,INSERT,UPDATE ON dbo.panels_bingo TO central_system
GRANT SELECT,DELETE,INSERT,UPDATE ON dbo.panels_lotto535 TO central_system
GRANT SELECT,DELETE,INSERT,UPDATE ON dbo.panic TO central_system
GRANT SELECT,DELETE,INSERT,UPDATE ON dbo.posids TO central_system
GRANT SELECT,DELETE,INSERT,UPDATE ON dbo.provinces TO central_system
GRANT SELECT,DELETE,INSERT,UPDATE ON dbo.regions TO central_system
GRANT SELECT,DELETE,INSERT,UPDATE ON dbo.roles TO central_system
GRANT SELECT,DELETE,INSERT,UPDATE ON dbo.send_winnings_to_agent TO central_system
GRANT SELECT,DELETE,INSERT,UPDATE ON dbo.sessions TO central_system
GRANT SELECT,DELETE,INSERT,UPDATE ON dbo.sod_eod TO central_system
GRANT SELECT,DELETE,INSERT,UPDATE ON dbo.sod_eod_properties TO central_system
GRANT SELECT,DELETE,INSERT,UPDATE ON dbo.sod_eod_types TO central_system
GRANT SELECT,DELETE,INSERT,UPDATE ON dbo.staging_move_tickets TO central_system
GRANT SELECT,DELETE,INSERT,UPDATE ON dbo.sub_games TO central_system
GRANT SELECT,DELETE,INSERT,UPDATE ON dbo.sys_certificates TO central_system
GRANT SELECT,DELETE,INSERT,UPDATE ON dbo.sys_config_eod_selectiontags TO central_system
GRANT SELECT,DELETE,INSERT,UPDATE ON dbo.system_config TO central_system
GRANT SELECT,DELETE,INSERT,UPDATE ON dbo.system_properties TO central_system
GRANT SELECT,DELETE,INSERT,UPDATE ON dbo.system_setting_log TO central_system
GRANT SELECT,DELETE,INSERT,UPDATE ON dbo.temp_last_pending_transactions TO central_system
GRANT SELECT,DELETE,INSERT,UPDATE ON dbo.temp_winnings_holding TO central_system
GRANT SELECT,DELETE,INSERT,UPDATE ON dbo.tickets TO central_system
GRANT SELECT,DELETE,INSERT,UPDATE ON dbo.tickets_details_mem TO central_system
GRANT SELECT,DELETE,INSERT,UPDATE ON dbo.transaction_activities TO central_system
GRANT SELECT,DELETE,INSERT,UPDATE ON dbo.transaction_details_mem TO central_system
GRANT SELECT,DELETE,INSERT,UPDATE ON dbo.transaction_statuses TO central_system
GRANT SELECT,DELETE,INSERT,UPDATE ON dbo.transaction_types TO central_system
GRANT SELECT,DELETE,INSERT,UPDATE ON dbo.user_roles TO central_system
GRANT SELECT,DELETE,INSERT,UPDATE ON dbo.user_statuses TO central_system
GRANT SELECT,DELETE,INSERT,UPDATE ON dbo.users TO central_system
GRANT SELECT,DELETE,INSERT,UPDATE ON dbo.winning_header_data TO central_system
GRANT SELECT,DELETE,INSERT,UPDATE ON dbo.winning_upload_status TO central_system
GRANT SELECT,UPDATE ON dbo.system_dbversion TO central_system
TABLE: Rights grant to central_system group completed...
Granting user rights to views for central_system group...
GRANT SELECT,DELETE,INSERT,UPDATE ON dbo.f_get_lotto535_in_proc_panel_data TO central_system
GRANT SELECT,DELETE,INSERT,UPDATE ON dbo.f_get_lotto535_panel_data TO central_system
GRANT SELECT,DELETE,INSERT,UPDATE ON dbo.f_get_pending_trans_activities TO central_system
GRANT SELECT,DELETE,INSERT,UPDATE ON dbo.f_oss_confirmed_tickets TO central_system
GRANT SELECT,DELETE,INSERT,UPDATE ON dbo.v_agents TO central_system
GRANT SELECT,DELETE,INSERT,UPDATE ON dbo.v_aw203 TO central_system
GRANT SELECT,DELETE,INSERT,UPDATE ON dbo.v_aw402 TO central_system
GRANT SELECT,DELETE,INSERT,UPDATE ON dbo.v_aw403 TO central_system
GRANT SELECT,DELETE,INSERT,UPDATE ON dbo.v_aw404 TO central_system
GRANT SELECT,DELETE,INSERT,UPDATE ON dbo.v_completed_butin_processing_data TO central_system
GRANT SELECT,DELETE,INSERT,UPDATE ON dbo.v_coresys_panel_3d_data TO central_system
GRANT SELECT,DELETE,INSERT,UPDATE ON dbo.v_coresys_panel_bingo_data TO central_system
GRANT SELECT,DELETE,INSERT,UPDATE ON dbo.v_coresys_panel_data TO central_system
GRANT SELECT,DELETE,INSERT,UPDATE ON dbo.v_customer_details TO central_system
GRANT SELECT,DELETE,INSERT,UPDATE ON dbo.v_customer_images TO central_system
GRANT SELECT,DELETE,INSERT,UPDATE ON dbo.v_get_reconciliation_trans_activities TO central_system
GRANT SELECT,DELETE,INSERT,UPDATE ON dbo.v_get_transactions_for_monitoring TO central_system
GRANT SELECT,DELETE,INSERT,UPDATE ON dbo.v_in_proc_coresys_panel_3d_data TO central_system
GRANT SELECT,DELETE,INSERT,UPDATE ON dbo.v_in_proc_coresys_panel_bingo_data TO central_system
GRANT SELECT,DELETE,INSERT,UPDATE ON dbo.v_in_proc_coresys_panel_data TO central_system
GRANT SELECT,DELETE,INSERT,UPDATE ON dbo.v_in_proc_panel_3d_data TO central_system
GRANT SELECT,DELETE,INSERT,UPDATE ON dbo.v_in_proc_panel_bingo_data TO central_system
GRANT SELECT,DELETE,INSERT,UPDATE ON dbo.v_in_proc_panel_data TO central_system
GRANT SELECT,DELETE,INSERT,UPDATE ON dbo.v_in_proc_trans_history TO central_system
GRANT SELECT,DELETE,INSERT,UPDATE ON dbo.v_in_proc_trans_history_with_panel_data TO central_system
GRANT SELECT,DELETE,INSERT,UPDATE ON dbo.v_oss_confirmed_tickets TO central_system
GRANT SELECT,DELETE,INSERT,UPDATE ON dbo.v_panel_3d_data TO central_system
GRANT SELECT,DELETE,INSERT,UPDATE ON dbo.v_panel_bingo_data TO central_system
GRANT SELECT,DELETE,INSERT,UPDATE ON dbo.v_panel_data TO central_system
GRANT SELECT,DELETE,INSERT,UPDATE ON dbo.v_pending_sell_trans_activities TO central_system
GRANT SELECT,DELETE,INSERT,UPDATE ON dbo.v_pending_trans_activities TO central_system
GRANT SELECT,DELETE,INSERT,UPDATE ON dbo.v_posid_list TO central_system
GRANT SELECT,DELETE,INSERT,UPDATE ON dbo.v_processing_data TO central_system
GRANT SELECT,DELETE,INSERT,UPDATE ON dbo.v_retransmit_trans_activities TO central_system
GRANT SELECT,DELETE,INSERT,UPDATE ON dbo.v_sales_summary_dashboard TO central_system
GRANT SELECT,DELETE,INSERT,UPDATE ON dbo.v_send_winnings_to_agent TO central_system
GRANT SELECT,DELETE,INSERT,UPDATE ON dbo.v_sod_eod TO central_system
GRANT SELECT,DELETE,INSERT,UPDATE ON dbo.v_trans_history TO central_system
GRANT SELECT,DELETE,INSERT,UPDATE ON dbo.v_trans_history_with_panel_data TO central_system
GRANT SELECT,DELETE,INSERT,UPDATE ON dbo.v_ttds_pending_tickets TO central_system
GRANT SELECT,DELETE,INSERT,UPDATE ON dbo.v_winners_list TO central_system
GRANT SELECT,DELETE,INSERT,UPDATE ON dbo.v_winners_list_with_panel_data TO central_system
GRANT SELECT,DELETE,INSERT,UPDATE ON dbo.v_zero_panel_cnt_not_processed_trans_activities TO central_system
VIEW: Rights grant to central_system group completed...
Granting user rights to affected Functions for central_system group...
GRANT EXEC ON dbo.f_exist_drawid_gameid TO central_system
GRANT EXEC ON dbo.f_get_dbname TO central_system
GRANT EXEC ON dbo.f_getcustom_date TO central_system
Functions: Rights grant to central_system group completed...
Granting user rights to affected SPs for central_system group...
GRANT EXEC ON dbo.p_add_agent_and_certificate TO central_system
GRANT EXEC ON dbo.p_add_custom_date TO central_system
GRANT EXEC ON dbo.p_add_draw_data TO central_system
GRANT EXEC ON dbo.p_add_hwid TO central_system
GRANT EXEC ON dbo.p_add_panic_log TO central_system
GRANT EXEC ON dbo.p_add_posid TO central_system
GRANT EXEC ON dbo.p_add_selling_enabled_game_proc TO central_system
GRANT EXEC ON dbo.p_add_sys_certificate TO central_system
GRANT EXEC ON dbo.p_add_system_config TO central_system
GRANT EXEC ON dbo.p_add_tickets_to_staging TO central_system
GRANT EXEC ON dbo.p_agent_change_password TO central_system
GRANT EXEC ON dbo.p_agent_login TO central_system
GRANT EXEC ON dbo.p_agent_logout TO central_system
GRANT EXEC ON dbo.p_check_eod TO central_system
GRANT EXEC ON dbo.p_check_if_version_exists TO central_system
GRANT EXEC ON dbo.p_check_inProc_tickets_for_pws TO central_system
GRANT EXEC ON dbo.p_check_pending_pay TO central_system
GRANT EXEC ON dbo.p_clear_customers_cache TO central_system
GRANT EXEC ON dbo.p_confirm_sent_to_agent TO central_system
GRANT EXEC ON dbo.p_confirm_sent_to_agent_all TO central_system
GRANT EXEC ON dbo.p_core_paneldata_datatrak_reports TO central_system
GRANT EXEC ON dbo.p_count_existing_winning_header TO central_system
GRANT EXEC ON dbo.p_create_coresys_update_panels TO central_system
GRANT EXEC ON dbo.p_create_coresys_update_panels_3d TO central_system
GRANT EXEC ON dbo.p_create_coresys_update_panels_bingo TO central_system
GRANT EXEC ON dbo.p_create_coresys_update_panels_lotto535 TO central_system
GRANT EXEC ON dbo.p_create_coresys_winning_payments TO central_system
GRANT EXEC ON dbo.p_create_cust TO central_system
GRANT EXEC ON dbo.p_create_ticket TO central_system
GRANT EXEC ON dbo.p_create_ticket_panels TO central_system
GRANT EXEC ON dbo.p_create_ticket_panels_3d TO central_system
GRANT EXEC ON dbo.p_create_ticket_panels_bingo TO central_system
GRANT EXEC ON dbo.p_create_ticket_panels_lotto535 TO central_system
GRANT EXEC ON dbo.p_create_winning_header_data TO central_system
GRANT EXEC ON dbo.p_create_winning_upload_status TO central_system
GRANT EXEC ON dbo.p_delete_custom_date TO central_system
GRANT EXEC ON dbo.p_delete_hwid TO central_system
GRANT EXEC ON dbo.p_delete_posid TO central_system
GRANT EXEC ON dbo.p_delete_temp_winnings_holding TO central_system
GRANT EXEC ON dbo.p_delete_ticket TO central_system
GRANT EXEC ON dbo.p_delete_ticket_panel_data TO central_system
GRANT EXEC ON dbo.p_generate_customer_ids TO central_system
GRANT EXEC ON dbo.p_generate_password TO central_system
GRANT EXEC ON dbo.p_generate_rand_custId TO central_system
GRANT EXEC ON dbo.p_generate_session TO central_system
GRANT EXEC ON dbo.p_get_3d_pstatus TO central_system
GRANT EXEC ON dbo.p_get_agent_account_balance TO central_system
GRANT EXEC ON dbo.p_get_agent_for_customer TO central_system
GRANT EXEC ON dbo.p_get_agent_url TO central_system
GRANT EXEC ON dbo.p_get_all_agents TO central_system
GRANT EXEC ON dbo.p_get_all_agents_for_service TO central_system
GRANT EXEC ON dbo.p_get_all_games TO central_system
GRANT EXEC ON dbo.p_get_all_users_for_admin TO central_system
GRANT EXEC ON dbo.p_get_all_users_for_manager TO central_system
GRANT EXEC ON dbo.p_get_all_winning_draw_id TO central_system
GRANT EXEC ON dbo.p_get_any_users_match_pattern TO central_system
GRANT EXEC ON dbo.p_get_bingo_pstatus TO central_system
GRANT EXEC ON dbo.p_get_completed_butin_processing_trans_activities TO central_system
GRANT EXEC ON dbo.p_get_core_update_panel_3d_data_srch TO central_system
GRANT EXEC ON dbo.p_get_core_update_panel_bingo_data_srch TO central_system
GRANT EXEC ON dbo.p_get_core_update_panel_data_srch TO central_system
GRANT EXEC ON dbo.p_get_core_update_panel_lotto535_data_srch TO central_system
GRANT EXEC ON dbo.p_get_coresys_panel_count TO central_system
GRANT EXEC ON dbo.p_get_current_pending_data TO central_system
GRANT EXEC ON dbo.p_get_customer_details TO central_system
GRANT EXEC ON dbo.p_get_draw_and_game_id TO central_system
GRANT EXEC ON dbo.p_get_draw_data_by_game TO central_system
GRANT EXEC ON dbo.p_get_draw_table_number TO central_system
GRANT EXEC ON dbo.p_get_in_proc_oss_confirmed_tickets TO central_system
GRANT EXEC ON dbo.p_get_latest_version TO central_system
GRANT EXEC ON dbo.p_get_num_of_winning_files TO central_system
GRANT EXEC ON dbo.p_get_oss_agent_noupld_winning_tickets TO central_system
GRANT EXEC ON dbo.p_get_oss_agent_noupld_winning_tickets_count TO central_system
GRANT EXEC ON dbo.p_get_oss_confirmed_panel_3d_details TO central_system
GRANT EXEC ON dbo.p_get_oss_confirmed_panel_bingo_details TO central_system
GRANT EXEC ON dbo.p_get_oss_confirmed_panel_details TO central_system
GRANT EXEC ON dbo.p_get_oss_confirmed_panel_lotto535_details TO central_system
GRANT EXEC ON dbo.p_get_oss_confirmed_ticket_details TO central_system
GRANT EXEC ON dbo.p_get_oss_confirmed_tickets TO central_system
GRANT EXEC ON dbo.p_get_oss_noupld_draws TO central_system
GRANT EXEC ON dbo.p_get_oss_noupld_draws_pending TO central_system
GRANT EXEC ON dbo.p_get_oss_noupld_draws_tckt_count TO central_system
GRANT EXEC ON dbo.p_get_oss_noupld_winning_tickets TO central_system
GRANT EXEC ON dbo.p_get_oss_winning_ticket_data TO central_system
GRANT EXEC ON dbo.p_get_panel_3d_data TO central_system
GRANT EXEC ON dbo.p_get_panel_bingo_data TO central_system
GRANT EXEC ON dbo.p_get_panel_data TO central_system
GRANT EXEC ON dbo.p_get_panel_lotto535_data TO central_system
GRANT EXEC ON dbo.p_get_panic_log TO central_system
GRANT EXEC ON dbo.p_get_pending_trans_activities TO central_system
GRANT EXEC ON dbo.p_get_posid_and_hwid_srch TO central_system
GRANT EXEC ON dbo.p_get_posid_or_hwid_srch TO central_system
GRANT EXEC ON dbo.p_get_processing_trans_activities TO central_system
GRANT EXEC ON dbo.p_get_reconciliation_datatrak_panels TO central_system
GRANT EXEC ON dbo.p_get_reconciliation_trans_activities TO central_system
GRANT EXEC ON dbo.p_get_retransmit_transaction TO central_system
GRANT EXEC ON dbo.p_get_risk_count TO central_system
GRANT EXEC ON dbo.p_get_risk_data TO central_system
GRANT EXEC ON dbo.p_get_sell_ticket_hwid TO central_system
GRANT EXEC ON dbo.p_get_sell_ticket_msn TO central_system
GRANT EXEC ON dbo.p_get_sys_certificate TO central_system
GRANT EXEC ON dbo.p_get_sys_eod_properties TO central_system
GRANT EXEC ON dbo.p_get_system_config TO central_system
GRANT EXEC ON dbo.p_get_ticket_data_srch TO central_system
GRANT EXEC ON dbo.p_get_ticket_panels TO central_system
GRANT EXEC ON dbo.p_get_trans_activity_error TO central_system
GRANT EXEC ON dbo.p_get_ttds_pending_tickets TO central_system
GRANT EXEC ON dbo.p_get_updated_ticket_transactions TO central_system
GRANT EXEC ON dbo.p_get_uploaded_and_pending_files TO central_system
GRANT EXEC ON dbo.p_get_winning_game_draw_id TO central_system
GRANT EXEC ON dbo.p_get_winning_header_data TO central_system
GRANT EXEC ON dbo.p_get_winning_tickets_for_payment TO central_system
GRANT EXEC ON dbo.p_get_winning_upload_status TO central_system
GRANT EXEC ON dbo.p_has_ticket_processed TO central_system
GRANT EXEC ON dbo.p_insert_dbversion TO central_system
GRANT EXEC ON dbo.p_no_tsn_datatrak_reports TO central_system
GRANT EXEC ON dbo.p_process_eod TO central_system
GRANT EXEC ON dbo.p_remove_customer TO central_system
GRANT EXEC ON dbo.p_set_agent_confirmed_receipt TO central_system
GRANT EXEC ON dbo.p_set_transaction_purge_date_proc TO central_system
GRANT EXEC ON dbo.p_spgetapplock TO central_system
GRANT EXEC ON dbo.p_transfer_tickets_to_memory_table TO central_system
GRANT EXEC ON dbo.p_transfer_tickets_to_permanent_table TO central_system
GRANT EXEC ON dbo.p_tsn_datatrak_reports TO central_system
GRANT EXEC ON dbo.p_update_agent_initial_balance TO central_system
GRANT EXEC ON dbo.p_update_agent_receipt_flag_after_ticketupdate TO central_system
GRANT EXEC ON dbo.p_update_agent_trans_confirm TO central_system
GRANT EXEC ON dbo.p_update_agent_trans_confirm_del TO central_system
GRANT EXEC ON dbo.p_update_agent_trans_confirm_first_move TO central_system
GRANT EXEC ON dbo.p_update_agent_trans_confirm_move TO central_system
GRANT EXEC ON dbo.p_update_coresys_win_payments_err TO central_system
GRANT EXEC ON dbo.p_update_cust TO central_system
GRANT EXEC ON dbo.p_update_eod_trans_activities_status TO central_system
GRANT EXEC ON dbo.p_update_num_of_winning_files TO central_system
GRANT EXEC ON dbo.p_update_paid_ticket_trans_data TO central_system
GRANT EXEC ON dbo.p_update_panel_count TO central_system
GRANT EXEC ON dbo.p_update_payment_ticket TO central_system
GRANT EXEC ON dbo.p_update_session_exptime TO central_system
GRANT EXEC ON dbo.p_update_system_config TO central_system
GRANT EXEC ON dbo.p_update_tickets_with_hwid TO central_system
GRANT EXEC ON dbo.p_update_trans_activities_status TO central_system
GRANT EXEC ON dbo.p_update_trans_confirmation TO central_system
GRANT EXEC ON dbo.p_update_trans_status TO central_system
GRANT EXEC ON dbo.p_update_winning_header_data_proc_stat TO central_system
GRANT EXEC ON dbo.p_update_winning_header_data_upload_status TO central_system
GRANT EXEC ON dbo.p_update_winning_ticket TO central_system
GRANT EXEC ON dbo.p_update_winning_ticket_frm_winnings_holding TO central_system
GRANT EXEC ON dbo.p_update_winning_ticket_status TO central_system
GRANT EXEC ON dbo.p_update_wnng_ticket_status_blk TO central_system
GRANT EXEC ON dbo.p_updates_from_oss TO central_system
GRANT EXEC ON dbo.p_upload_image TO central_system
GRANT EXEC ON dbo.p_validate_refsession TO central_system
GRANT EXEC ON dbo.p_validate_session TO central_system
GRANT EXEC ON dbo.p_verify_bingo_winning_report TO central_system
GRANT EXEC ON dbo.spDBAGrantLoginRights TO central_system
GRANT EXEC ON dbo.spDBAGrantRights TO central_system
SPs: Rights grant to central_system group completed...
