Proceed with the deployment as correct DB version is being used...
<<< DROPPED PROCEDURE dbo.p_add_draw_data >>>
<<< CREATED PROCEDURE dbo.p_add_draw_data >>>
<<< CREATED PROCEDURE dbo.p_add_tickets_to_staging >>>
<<< DROPPED PROCEDURE dbo.p_check_inProc_tickets_for_pws >>>
<<< CREATED PROCEDURE dbo.p_check_inProc_tickets_for_pws >>>
<<< DROPPED PROCEDURE dbo.p_check_pending_pay >>>
<<< CREATED PROCEDURE dbo.p_check_pending_pay >>>
<<< DROPPED PROCEDURE dbo.p_confirm_sent_to_agent >>>
<<< CREATED PROCEDURE dbo.p_confirm_sent_to_agent >>>
<<< DROPPED PROCEDURE dbo.p_count_existing_winning_header >>>
<<< CREATED PROCEDURE dbo.p_count_existing_winning_header >>>
<<< DROPPED PROCEDURE dbo.p_create_coresys_update_panels >>>
<<< CREATED PROCEDURE dbo.p_create_coresys_update_panels >>>
<<< DROPPED PROCEDURE dbo.p_create_coresys_update_panels_3d >>>
<<< CREATED PROCEDURE dbo.p_create_coresys_update_panels_3d >>>
<<< DROPPED PROCEDURE dbo.p_create_coresys_update_panels_bingo >>>
<<< CREATED PROCEDURE dbo.p_create_coresys_update_panels_bingo >>>
<<< CREATED PROCEDURE dbo.p_create_coresys_update_panels_lotto535 >>>
<<< DROPPED PROCEDURE dbo.p_create_coresys_winning_payments >>>
<<< CREATED PROCEDURE dbo.p_create_coresys_winning_payments >>>
<<< DROPPED PROCEDURE dbo.p_create_ticket >>>
<<< CREATED PROCEDURE dbo.p_create_ticket >>>
<<< DROPPED PROCEDURE dbo.p_create_ticket_panels >>>
<<< CREATED PROCEDURE dbo.p_create_ticket_panels >>>
<<< DROPPED PROCEDURE dbo.p_create_ticket_panels_3d >>>
<<< CREATED PROCEDURE dbo.p_create_ticket_panels_3d >>>
<<< DROPPED PROCEDURE dbo.p_create_ticket_panels_bingo >>>
<<< CREATED PROCEDURE dbo.p_create_ticket_panels_bingo >>>
<<< CREATED PROCEDURE dbo.p_create_ticket_panels_lotto535 >>>
<<< DROPPED PROCEDURE dbo.p_create_winning_header_data >>>
<<< CREATED PROCEDURE dbo.p_create_winning_header_data >>>
<<< DROPPED PROCEDURE dbo.p_create_winning_upload_status >>>
<<< CREATED PROCEDURE dbo.p_create_winning_upload_status >>>
<<< DROPPED PROCEDURE dbo.p_delete_ticket >>>
<<< CREATED PROCEDURE dbo.p_delete_ticket >>>
<<< DROPPED PROCEDURE dbo.p_get_all_winning_draw_id >>>
<<< CREATED PROCEDURE dbo.p_get_all_winning_draw_id >>>
<<< CREATED PROCEDURE dbo.p_get_core_update_panel_lotto535_data_srch >>>
<<< DROPPED PROCEDURE dbo.p_get_coresys_panel_count >>>
<<< CREATED PROCEDURE dbo.p_get_coresys_panel_count >>>
<<< DROPPED PROCEDURE dbo.p_get_in_proc_oss_confirmed_tickets >>>
<<< CREATED PROCEDURE dbo.p_get_in_proc_oss_confirmed_tickets >>>
<<< DROPPED PROCEDURE dbo.p_get_num_of_winning_files >>>
<<< CREATED PROCEDURE dbo.p_get_num_of_winning_files >>>
<<< DROPPED PROCEDURE dbo.p_get_oss_agent_noupld_winning_tickets >>>
<<< CREATED PROCEDURE dbo.p_get_oss_agent_noupld_winning_tickets >>>
<<< DROPPED PROCEDURE dbo.p_get_oss_agent_noupld_winning_tickets_count >>>
<<< CREATED PROCEDURE dbo.p_get_oss_agent_noupld_winning_tickets_count >>>
<<< DROPPED PROCEDURE dbo.p_get_oss_confirmed_panel_details >>>
<<< CREATED PROCEDURE dbo.p_get_oss_confirmed_panel_details >>>
<<< CREATED PROCEDURE dbo.p_get_oss_confirmed_panel_lotto535_details >>>
<<< DROPPED PROCEDURE dbo.p_get_oss_confirmed_ticket_details >>>
<<< CREATED PROCEDURE dbo.p_get_oss_confirmed_ticket_details >>>
<<< DROPPED PROCEDURE dbo.p_get_oss_confirmed_tickets >>>
<<< CREATED PROCEDURE dbo.p_get_oss_confirmed_tickets >>>
<<< DROPPED PROCEDURE dbo.p_get_oss_noupld_draws >>>
<<< CREATED PROCEDURE dbo.p_get_oss_noupld_draws >>>
<<< DROPPED PROCEDURE dbo.p_get_oss_noupld_draws_pending >>>
<<< CREATED PROCEDURE dbo.p_get_oss_noupld_draws_pending >>>
<<< DROPPED PROCEDURE dbo.p_get_oss_noupld_draws_tckt_count >>>
<<< CREATED PROCEDURE dbo.p_get_oss_noupld_draws_tckt_count >>>
<<< DROPPED PROCEDURE dbo.p_get_oss_noupld_winning_tickets >>>
<<< CREATED PROCEDURE dbo.p_get_oss_noupld_winning_tickets >>>
<<< CREATED PROCEDURE dbo.p_get_panel_lotto535_data >>>
<<< DROPPED PROCEDURE dbo.p_get_pending_trans_activities >>>
<<< CREATED PROCEDURE dbo.p_get_pending_trans_activities >>>
<<< DROPPED PROCEDURE dbo.p_get_sell_ticket_hwid >>>
<<< CREATED PROCEDURE dbo.p_get_sell_ticket_hwid >>>
<<< DROPPED PROCEDURE dbo.p_get_ttds_pending_tickets >>>
<<< CREATED PROCEDURE dbo.p_get_ttds_pending_tickets >>>
<<< DROPPED PROCEDURE dbo.p_get_uploaded_and_pending_files >>>
<<< CREATED PROCEDURE dbo.p_get_uploaded_and_pending_files >>>
<<< DROPPED PROCEDURE dbo.p_get_winning_game_draw_id >>>
<<< CREATED PROCEDURE dbo.p_get_winning_game_draw_id >>>
<<< DROPPED PROCEDURE dbo.p_get_winning_header_data >>>
<<< CREATED PROCEDURE dbo.p_get_winning_header_data >>>
<<< DROPPED PROCEDURE dbo.p_get_winning_tickets_for_payment >>>
<<< CREATED PROCEDURE dbo.p_get_winning_tickets_for_payment >>>
<<< DROPPED PROCEDURE dbo.p_get_winning_upload_status >>>
<<< CREATED PROCEDURE dbo.p_get_winning_upload_status >>>
<<< DROPPED PROCEDURE dbo.p_set_agent_confirmed_receipt >>>
<<< CREATED PROCEDURE dbo.p_set_agent_confirmed_receipt >>>
<<< CREATED PROCEDURE dbo.p_transfer_tickets_to_memory_table >>>
<<< CREATED PROCEDURE dbo.p_transfer_tickets_to_permanent_table >>>
<<< CREATED PROCEDURE dbo.p_update_agent_receipt_flag_after_ticketupdate >>>
<<< DROPPED PROCEDURE dbo.p_update_coresys_win_payments_err >>>
<<< CREATED PROCEDURE dbo.p_update_coresys_win_payments_err >>>
<<< DROPPED PROCEDURE dbo.p_update_cust >>>
<<< CREATED PROCEDURE dbo.p_update_cust >>>
<<< DROPPED PROCEDURE dbo.p_update_eod_trans_activities_status >>>
<<< CREATED PROCEDURE dbo.p_update_eod_trans_activities_status >>>
<<< DROPPED PROCEDURE dbo.p_update_paid_ticket_trans_data >>>
<<< CREATED PROCEDURE dbo.p_update_paid_ticket_trans_data >>>
<<< DROPPED PROCEDURE dbo.p_update_panel_count >>>
<<< CREATED PROCEDURE dbo.p_update_panel_count >>>
<<< DROPPED PROCEDURE dbo.p_update_payment_ticket >>>
<<< CREATED PROCEDURE dbo.p_update_payment_ticket >>>
<<< DROPPED PROCEDURE dbo.p_update_tickets_with_hwid >>>
<<< CREATED PROCEDURE dbo.p_update_tickets_with_hwid >>>
<<< DROPPED PROCEDURE dbo.p_update_trans_activities_status >>>
<<< CREATED PROCEDURE dbo.p_update_trans_activities_status >>>
<<< DROPPED PROCEDURE dbo.p_update_trans_confirmation >>>
<<< CREATED PROCEDURE dbo.p_update_trans_confirmation >>>
<<< DROPPED PROCEDURE dbo.p_update_trans_status >>>
<<< CREATED PROCEDURE dbo.p_update_trans_status >>>
<<< DROPPED PROCEDURE dbo.p_update_winning_header_data_upload_status >>>
<<< CREATED PROCEDURE dbo.p_update_winning_header_data_upload_status >>>
<<< DROPPED PROCEDURE dbo.p_update_winning_ticket >>>
<<< CREATED PROCEDURE dbo.p_update_winning_ticket >>>
<<< DROPPED PROCEDURE dbo.p_update_winning_ticket_frm_winnings_holding >>>
<<< CREATED PROCEDURE dbo.p_update_winning_ticket_frm_winnings_holding >>>
<<< DROPPED PROCEDURE dbo.p_update_winning_ticket_status >>>
<<< CREATED PROCEDURE dbo.p_update_winning_ticket_status >>>
<<< DROPPED PROCEDURE dbo.p_update_wnng_ticket_status_blk >>>
<<< CREATED PROCEDURE dbo.p_update_wnng_ticket_status_blk >>>
<<< DROPPED PROCEDURE dbo.p_updates_from_oss >>>
<<< CREATED PROCEDURE dbo.p_updates_from_oss >>>
<<< DROPPED PROCEDURE dbo.p_verify_bingo_winning_report >>>
<<< CREATED PROCEDURE dbo.p_verify_bingo_winning_report >>>
